0 info it worked if it ends with ok
1 verbose cli [ 'node', '/usr/local/bin/npm', 'install', '-g', 'grunt-cli' ]
2 info using npm@2.7.4
3 info using node@v0.12.2
4 silly cache add args [ 'grunt-cli', null ]
5 verbose cache add spec grunt-cli
6 silly cache add parsed spec { raw: 'grunt-cli',
6 silly cache add   scope: null,
6 silly cache add   name: 'grunt-cli',
6 silly cache add   rawSpec: '',
6 silly cache add   spec: '*',
6 silly cache add   type: 'range' }
7 verbose addNamed grunt-cli@*
8 silly addNamed semver.valid null
9 silly addNamed semver.validRange *
10 silly addNameRange { name: 'grunt-cli', range: '*', hasData: false }
11 silly mapToRegistry name grunt-cli
12 silly mapToRegistry using default registry
13 silly mapToRegistry registry https://registry.npmjs.org/
14 silly mapToRegistry uri https://registry.npmjs.org/grunt-cli
15 verbose addNameRange registry:https://registry.npmjs.org/grunt-cli not in flight; fetching
16 verbose request uri https://registry.npmjs.org/grunt-cli
17 verbose request no auth needed
18 info attempt registry request try #1 at 11:39:33 AM
19 verbose request id a98ed8b0bb1a378d
20 http request GET https://registry.npmjs.org/grunt-cli
21 http 200 https://registry.npmjs.org/grunt-cli
22 silly get cb [ 200,
22 silly get   { server: 'CouchDB/1.5.0 (Erlang OTP/R16B03)',
22 silly get     etag: '"NE9OX4U5Y4ZVW6TE453ICP8Y"',
22 silly get     'content-type': 'application/json',
22 silly get     'cache-control': 'max-age=60',
22 silly get     'content-length': '20797',
22 silly get     'accept-ranges': 'bytes',
22 silly get     date: 'Mon, 04 May 2015 09:39:33 GMT',
22 silly get     via: '1.1 varnish',
22 silly get     age: '14',
22 silly get     connection: 'keep-alive',
22 silly get     'x-served-by': 'cache-ams4139-AMS',
22 silly get     'x-cache': 'HIT',
22 silly get     'x-cache-hits': '1',
22 silly get     'x-timer': 'S1430732373.587050,VS0,VE0',
22 silly get     vary: 'Accept' } ]
23 verbose get saving grunt-cli to /Users/bradleydunk/.npm/registry.npmjs.org/grunt-cli/.cache.json
24 verbose getCacheStat cache creation not in flight; initializing
25 silly addNameRange number 2 { name: 'grunt-cli', range: '*', hasData: true }
26 silly addNameRange versions [ 'grunt-cli',
26 silly addNameRange   [ '0.1.0',
26 silly addNameRange     '0.1.1',
26 silly addNameRange     '0.1.2',
26 silly addNameRange     '0.1.3',
26 silly addNameRange     '0.1.4',
26 silly addNameRange     '0.1.5',
26 silly addNameRange     '0.1.6',
26 silly addNameRange     '0.1.7',
26 silly addNameRange     '0.1.8',
26 silly addNameRange     '0.1.9',
26 silly addNameRange     '0.1.10',
26 silly addNameRange     '0.1.11',
26 silly addNameRange     '0.1.12',
26 silly addNameRange     '0.1.13' ] ]
27 verbose addNamed grunt-cli@0.1.13
28 silly addNamed semver.valid 0.1.13
29 silly addNamed semver.validRange 0.1.13
30 silly mapToRegistry name grunt-cli
31 silly mapToRegistry using default registry
32 silly mapToRegistry registry https://registry.npmjs.org/
33 silly mapToRegistry uri https://registry.npmjs.org/grunt-cli
34 verbose addRemoteTarball https://registry.npmjs.org/grunt-cli/-/grunt-cli-0.1.13.tgz not in flight; adding
35 verbose addRemoteTarball [ 'https://registry.npmjs.org/grunt-cli/-/grunt-cli-0.1.13.tgz',
35 verbose addRemoteTarball   'e9ebc4047631f5012d922770c39378133cad10f4' ]
36 info retry fetch attempt 1 at 11:39:33 AM
37 info attempt registry request try #1 at 11:39:33 AM
38 http fetch GET https://registry.npmjs.org/grunt-cli/-/grunt-cli-0.1.13.tgz
39 http fetch 200 https://registry.npmjs.org/grunt-cli/-/grunt-cli-0.1.13.tgz
40 silly fetchAndShaCheck shasum e9ebc4047631f5012d922770c39378133cad10f4
41 verbose addTmpTarball /var/folders/y2/2p_dg73j601_f8sqdv8d5hfc0000gn/T/npm-2702-6243012e/registry.npmjs.org/grunt-cli/-/grunt-cli-0.1.13.tgz not in flight; adding
42 verbose addTmpTarball already have metadata; skipping unpack for grunt-cli@0.1.13
43 silly cache afterAdd grunt-cli@0.1.13
44 verbose afterAdd /Users/bradleydunk/.npm/grunt-cli/0.1.13/package/package.json not in flight; writing
45 verbose afterAdd /Users/bradleydunk/.npm/grunt-cli/0.1.13/package/package.json written
46 silly install resolved [ { name: 'grunt-cli',
46 silly install resolved     description: 'The grunt command line interface.',
46 silly install resolved     version: '0.1.13',
46 silly install resolved     author: { name: 'Grunt Team' },
46 silly install resolved     homepage: 'http://gruntjs.com/',
46 silly install resolved     repository: { type: 'git', url: 'git://github.com/gruntjs/grunt-cli.git' },
46 silly install resolved     bugs: { url: 'http://github.com/gruntjs/grunt-cli/issues' },
46 silly install resolved     licenses: [ [Object] ],
46 silly install resolved     bin: { grunt: 'bin/grunt' },
46 silly install resolved     engines: { node: '>= 0.8.0' },
46 silly install resolved     scripts: { test: 'node bin/grunt test' },
46 silly install resolved     preferGlobal: true,
46 silly install resolved     dependencies: { nopt: '~1.0.10', 'findup-sync': '~0.1.0', resolve: '~0.3.1' },
46 silly install resolved     devDependencies: { grunt: '~0.4.0', 'grunt-contrib-jshint': '~0.2.0' },
46 silly install resolved     contributors: [ [Object], [Object], [Object], [Object] ],
46 silly install resolved     _id: 'grunt-cli@0.1.13',
46 silly install resolved     dist:
46 silly install resolved      { shasum: 'e9ebc4047631f5012d922770c39378133cad10f4',
46 silly install resolved        tarball: 'http://registry.npmjs.org/grunt-cli/-/grunt-cli-0.1.13.tgz' },
46 silly install resolved     _from: 'grunt-cli@*',
46 silly install resolved     _npmVersion: '1.3.24',
46 silly install resolved     _npmUser: { name: 'tkellen', email: 'tyler@sleekcode.net' },
46 silly install resolved     maintainers: [ [Object] ],
46 silly install resolved     directories: {},
46 silly install resolved     _shasum: 'e9ebc4047631f5012d922770c39378133cad10f4',
46 silly install resolved     _resolved: 'https://registry.npmjs.org/grunt-cli/-/grunt-cli-0.1.13.tgz' } ]
47 info install grunt-cli@0.1.13 into /usr/local/lib
48 info installOne grunt-cli@0.1.13
49 verbose installOne of grunt-cli to /usr/local/lib not in flight; installing
50 verbose lock using /Users/bradleydunk/.npm/_locks/grunt-cli-58f484dab06f0a30.lock for /usr/local/lib/node_modules/grunt-cli
51 silly install write writing grunt-cli 0.1.13 to /usr/local/lib/node_modules/grunt-cli
52 silly cache addNamed cb grunt-cli@0.1.13
53 verbose unbuild lib/node_modules/grunt-cli
54 silly gentlyRm /usr/local/lib/node_modules/grunt-cli is being purged from base /usr/local
55 verbose gentlyRm don't care about contents; nuking /usr/local/lib/node_modules/grunt-cli
56 verbose tar unpack /Users/bradleydunk/.npm/grunt-cli/0.1.13/package.tgz
57 verbose tar unpacking to /usr/local/lib/node_modules/grunt-cli
58 silly gentlyRm /usr/local/lib/node_modules/grunt-cli is being purged
59 verbose gentlyRm don't care about contents; nuking /usr/local/lib/node_modules/grunt-cli
60 silly gunzTarPerm modes [ '755', '644' ]
61 error tar.unpack untar error /Users/bradleydunk/.npm/grunt-cli/0.1.13/package.tgz
62 verbose unlock done using /Users/bradleydunk/.npm/_locks/grunt-cli-58f484dab06f0a30.lock for /usr/local/lib/node_modules/grunt-cli
63 verbose fstream_path /usr/local/lib/node_modules/grunt-cli
64 verbose fstream_type Directory
65 verbose fstream_class DirWriter
66 verbose stack Error: EACCES, mkdir '/usr/local/lib/node_modules/grunt-cli'
66 verbose stack     at Error (native)
67 verbose fstream_stack /usr/local/lib/node_modules/npm/node_modules/fstream/lib/dir-writer.js:36:23
67 verbose fstream_stack /usr/local/lib/node_modules/npm/node_modules/mkdirp/index.js:46:53
67 verbose fstream_stack FSReqWrap.oncomplete (fs.js:95:15)
68 verbose cwd /Users/bradleydunk/bradleydunk.github.io
69 error Darwin 14.1.0
70 error argv "node" "/usr/local/bin/npm" "install" "-g" "grunt-cli"
71 error node v0.12.2
72 error npm  v2.7.4
73 error path /usr/local/lib/node_modules/grunt-cli
74 error code EACCES
75 error errno -13
76 error Error: EACCES, mkdir '/usr/local/lib/node_modules/grunt-cli'
76 error     at Error (native)
76 error  { [Error: EACCES, mkdir '/usr/local/lib/node_modules/grunt-cli']
76 error   errno: -13,
76 error   code: 'EACCES',
76 error   path: '/usr/local/lib/node_modules/grunt-cli',
76 error   fstream_type: 'Directory',
76 error   fstream_path: '/usr/local/lib/node_modules/grunt-cli',
76 error   fstream_class: 'DirWriter',
76 error   fstream_stack:
76 error    [ '/usr/local/lib/node_modules/npm/node_modules/fstream/lib/dir-writer.js:36:23',
76 error      '/usr/local/lib/node_modules/npm/node_modules/mkdirp/index.js:46:53',
76 error      'FSReqWrap.oncomplete (fs.js:95:15)' ] }
77 error Please try running this command again as root/Administrator.
78 verbose exit [ -13, true ]
79 verbose unbuild lib/node_modules/grunt-cli
80 silly gentlyRm /usr/local/lib/node_modules/grunt-cli is being purged from base /usr/local
81 verbose gentlyRm don't care about contents; nuking /usr/local/lib/node_modules/grunt-cli
